pygame 2.1.2 (SDL 2.26.5, Python 3.11.2)
Hello from the pygame community. https://www.pygame.org/contribute.html
Fout bij laden van icoon 'icons/temperature.png': No file 'icons/temperature.png' found in working directory '/home/rpi/weatherhat-python/ICT-projecten/Programma'.
Fout bij laden van icoon 'icons/humidity.png': No file 'icons/humidity.png' found in working directory '/home/rpi/weatherhat-python/ICT-projecten/Programma'.
Fout bij laden van icoon 'icons/wind.png': No file 'icons/wind.png' found in working directory '/home/rpi/weatherhat-python/ICT-projecten/Programma'.
Fout bij laden van icoon 'icons/light.png': No file 'icons/light.png' found in working directory '/home/rpi/weatherhat-python/ICT-projecten/Programma'.
Fout bij laden van icoon 'icons/pressure.png': No file 'icons/pressure.png' found in working directory '/home/rpi/weatherhat-python/ICT-projecten/Programma'.
Tijd: 2025-05-12 14:58:55
Apparaat Temp: nvt °C
Temperatuur: nvt °C
Luchtdruk: nvt hPa
Luchtvochtigheid: nvt %
Lichtintensiteit: nvt lux
Windsnelheid: nvt m/s
Windrichting: nvt graden
------------------------------------
gegevens opgeslagen!
git push succesvol!
Tijd: 2025-05-12 14:59:06
Apparaat Temp: 22.3 °C
Temperatuur: 14.8 °C
Luchtdruk: 661.22 hPa
Luchtvochtigheid: 60.52 %
Lichtintensiteit: 86734.25 lux
Windsnelheid: nvt m/s
Windrichting: 90 graden
------------------------------------
gegevens opgeslagen!
git push succesvol!
Tijd: 2025-05-12 14:59:16
Apparaat Temp: 44.21 °C
Temperatuur: 36.71 °C
Luchtdruk: 1008.62 hPa
Luchtvochtigheid: 8.11 %
Lichtintensiteit: 39505.51 lux
Windsnelheid: nvt m/s
Windrichting: 45 graden
------------------------------------
gegevens opgeslagen!
git push succesvol!
Tijd: 2025-05-12 14:59:26
Apparaat Temp: 44.49 °C
Temperatuur: 36.99 °C
Luchtdruk: 1008.55 hPa
Luchtvochtigheid: 8.04 %
Lichtintensiteit: 37932.01 lux
Windsnelheid: nvt m/s
Windrichting: 315 graden
------------------------------------
gegevens opgeslagen!
git push succesvol!
Tijd: 2025-05-12 14:59:36
Apparaat Temp: 44.9 °C
Temperatuur: 37.4 °C
Luchtdruk: 1008.56 hPa
Luchtvochtigheid: 7.87 %
Lichtintensiteit: 37912.38 lux
Windsnelheid: 0.19 m/s
Windrichting: 45 graden
------------------------------------
gegevens opgeslagen!
git push succesvol!
Tijd: 2025-05-12 14:59:46
Apparaat Temp: 45.24 °C
Temperatuur: 37.74 °C
Luchtdruk: 1008.62 hPa
Luchtvochtigheid: 7.74 %
Lichtintensiteit: 37896.06 lux
Windsnelheid: 0.19 m/s
Windrichting: 270 graden
------------------------------------
gegevens opgeslagen!
git push succesvol!
Tijd: 2025-05-12 14:59:56
Apparaat Temp: 45.39 °C
Temperatuur: 37.89 °C
Luchtdruk: 1008.6 hPa
Luchtvochtigheid: 7.67 %
Lichtintensiteit: 37875.46 lux
Windsnelheid: 0.14 m/s
Windrichting: 90 graden
------------------------------------
gegevens opgeslagen!
git push succesvol!
Tijd: 2025-05-12 15:00:06
Apparaat Temp: 45.72 °C
Temperatuur: 38.22 °C
Luchtdruk: 1008.61 hPa
Luchtvochtigheid: 7.49 %
Lichtintensiteit: 37863.42 lux
Windsnelheid: nvt m/s
Windrichting: 90 graden
------------------------------------
gegevens opgeslagen!
git push succesvol!
Tijd: 2025-05-12 15:00:16
Apparaat Temp: 45.91 °C
Temperatuur: 38.41 °C
Luchtdruk: 1008.6 hPa
Luchtvochtigheid: 7.27 %
Lichtintensiteit: 37850.4 lux
Windsnelheid: 0.14 m/s
Windrichting: 45 graden
------------------------------------
gegevens opgeslagen!
git push succesvol!
Tijd: 2025-05-12 15:00:26
Apparaat Temp: 46.4 °C
Temperatuur: 38.9 °C
Luchtdruk: 1008.55 hPa
Luchtvochtigheid: 6.99 %
Lichtintensiteit: 37841.66 lux
Windsnelheid: 0.19 m/s
Windrichting: 90 graden
------------------------------------
gegevens opgeslagen!
git push succesvol!
Tijd: 2025-05-12 15:00:37
Apparaat Temp: 46.66 °C
Temperatuur: 39.16 °C
Luchtdruk: 1008.45 hPa
Luchtvochtigheid: 6.77 %
Lichtintensiteit: 37838.36 lux
Windsnelheid: 1.24 m/s
Windrichting: 90 graden
------------------------------------
gegevens opgeslagen!
git push succesvol!
Tijd: 2025-05-12 15:00:47
Apparaat Temp: 47.35 °C
Temperatuur: 39.85 °C
Luchtdruk: 1008.46 hPa
Luchtvochtigheid: 6.58 %
Lichtintensiteit: 37836.22 lux
Windsnelheid: 1.48 m/s
Windrichting: 90 graden
------------------------------------
gegevens opgeslagen!
git push succesvol!
Tijd: 2025-05-12 15:00:57
Apparaat Temp: 47.83 °C
Temperatuur: 40.33 °C
Luchtdruk: 1008.33 hPa
Luchtvochtigheid: 6.22 %
Lichtintensiteit: 37836.22 lux
Windsnelheid: 1.48 m/s
Windrichting: 90 graden
------------------------------------
gegevens opgeslagen!
git push succesvol!
Tijd: 2025-05-12 15:01:07
Apparaat Temp: 48.41 °C
Temperatuur: 40.91 °C
Luchtdruk: 1008.21 hPa
Luchtvochtigheid: 5.89 %
Lichtintensiteit: 37832.92 lux
Windsnelheid: 1.96 m/s
Windrichting: 90 graden
------------------------------------
gegevens opgeslagen!
git push succesvol!
Tijd: 2025-05-12 15:01:17
Apparaat Temp: 48.82 °C
Temperatuur: 41.32 °C
Luchtdruk: 1008.1 hPa
Luchtvochtigheid: 5.63 %
Lichtintensiteit: 37832.92 lux
Windsnelheid: 1.33 m/s
Windrichting: 90 graden
------------------------------------
gegevens opgeslagen!
git push succesvol!
Tijd: 2025-05-12 15:01:27
Apparaat Temp: 49.28 °C
Temperatuur: 41.78 °C
Luchtdruk: 1007.98 hPa
Luchtvochtigheid: 5.37 %
Lichtintensiteit: 37832.92 lux
Windsnelheid: 0.38 m/s
Windrichting: 90 graden
------------------------------------
gegevens opgeslagen!
git push succesvol!
Tijd: 2025-05-12 15:01:37
Apparaat Temp: 49.77 °C
Temperatuur: 42.27 °C
Luchtdruk: 1007.87 hPa
Luchtvochtigheid: 5.08 %
Lichtintensiteit: 37832.92 lux
Windsnelheid: 0.43 m/s
Windrichting: 90 graden
------------------------------------
gegevens opgeslagen!
git push succesvol!
Tijd: 2025-05-12 15:01:47
Apparaat Temp: 50.38 °C
Temperatuur: 42.88 °C
Luchtdruk: 1007.76 hPa
Luchtvochtigheid: 4.72 %
Lichtintensiteit: 37834.87 lux
Windsnelheid: 0.47 m/s
Windrichting: 90 graden
------------------------------------
gegevens opgeslagen!
git push succesvol!
Tijd: 2025-05-12 15:01:57
Apparaat Temp: 51.16 °C
Temperatuur: 43.66 °C
Luchtdruk: 1007.65 hPa
Luchtvochtigheid: 4.4 %
Lichtintensiteit: 37834.87 lux
Windsnelheid: 0.81 m/s
Windrichting: 90 graden
------------------------------------
gegevens opgeslagen!
git push succesvol!
Tijd: 2025-05-12 15:02:07
Apparaat Temp: 52.03 °C
Temperatuur: 44.53 °C
Luchtdruk: 1007.6 hPa
Luchtvochtigheid: 4.04 %
Lichtintensiteit: 37832.73 lux
Windsnelheid: 0.76 m/s
Windrichting: 90 graden
------------------------------------
gegevens opgeslagen!
git push succesvol!
Tijd: 2025-05-12 15:02:17
Apparaat Temp: 52.62 °C
Temperatuur: 45.12 °C
Luchtdruk: 1007.57 hPa
Luchtvochtigheid: 3.68 %
Lichtintensiteit: 37832.73 lux
Windsnelheid: 0.81 m/s
Windrichting: 90 graden
------------------------------------
gegevens opgeslagen!
git push succesvol!
Tijd: 2025-05-12 15:02:28
Apparaat Temp: 52.99 °C
Temperatuur: 45.49 °C
Luchtdruk: 1007.51 hPa
Luchtvochtigheid: 3.49 %
Lichtintensiteit: 37832.73 lux
Windsnelheid: 1.14 m/s
Windrichting: 90 graden
------------------------------------
gegevens opgeslagen!
git push succesvol!
Tijd: 2025-05-12 15:02:38
Apparaat Temp: 53.57 °C
Temperatuur: 46.07 °C
Luchtdruk: 1007.52 hPa
Luchtvochtigheid: 3.26 %
Lichtintensiteit: 37830.59 lux
Windsnelheid: 1.19 m/s
Windrichting: 90 graden
------------------------------------
gegevens opgeslagen!
git push succesvol!
Tijd: 2025-05-12 15:02:48
Apparaat Temp: 54.19 °C
Temperatuur: 46.69 °C
Luchtdruk: 1007.54 hPa
Luchtvochtigheid: 3.0 %
Lichtintensiteit: 37830.59 lux
Windsnelheid: 1.38 m/s
Windrichting: 90 graden
------------------------------------
gegevens opgeslagen!
git push succesvol!
Tijd: 2025-05-12 15:02:58
Apparaat Temp: 54.76 °C
Temperatuur: 47.26 °C
Luchtdruk: 1007.5 hPa
Luchtvochtigheid: 2.72 %
Lichtintensiteit: 37830.59 lux
Windsnelheid: 1.38 m/s
Windrichting: 90 graden
------------------------------------
gegevens opgeslagen!
git push succesvol!
Tijd: 2025-05-12 15:03:08
Apparaat Temp: 55.1 °C
Temperatuur: 47.6 °C
Luchtdruk: 1007.52 hPa
Luchtvochtigheid: 2.51 %
Lichtintensiteit: 37830.59 lux
Windsnelheid: 1.24 m/s
Windrichting: 90 graden
------------------------------------
gegevens opgeslagen!
git push succesvol!
Tijd: 2025-05-12 15:03:18
Apparaat Temp: 55.48 °C
Temperatuur: 47.98 °C
Luchtdruk: 1007.53 hPa
Luchtvochtigheid: 2.38 %
Lichtintensiteit: 37830.59 lux
Windsnelheid: 0.86 m/s
Windrichting: 90 graden
------------------------------------
gegevens opgeslagen!
git push succesvol!
Tijd: 2025-05-12 15:03:28
Apparaat Temp: 55.81 °C
Temperatuur: 48.31 °C
Luchtdruk: 1007.51 hPa
Luchtvochtigheid: 2.26 %
Lichtintensiteit: 37828.46 lux
Windsnelheid: 0.71 m/s
Windrichting: 90 graden
------------------------------------
gegevens opgeslagen!
git push succesvol!
Tijd: 2025-05-12 15:03:38
Apparaat Temp: 56.05 °C
Temperatuur: 48.55 °C
Luchtdruk: 1007.53 hPa
Luchtvochtigheid: 2.11 %
Lichtintensiteit: 37828.46 lux
Windsnelheid: 0.81 m/s
Windrichting: 90 graden
------------------------------------
gegevens opgeslagen!
git push succesvol!
Tijd: 2025-05-12 15:03:48
Apparaat Temp: 56.42 °C
Temperatuur: 48.92 °C
Luchtdruk: 1007.55 hPa
Luchtvochtigheid: 1.89 %
Lichtintensiteit: 37826.32 lux
Windsnelheid: 0.95 m/s
Windrichting: 90 graden
------------------------------------
gegevens opgeslagen!
git push succesvol!
Tijd: 2025-05-12 15:03:59
Apparaat Temp: 56.79 °C
Temperatuur: 49.29 °C
Luchtdruk: 1007.55 hPa
pygame 2.1.2 (SDL 2.26.5, Python 3.11.2)
Hello from the pygame community. https://www.pygame.org/contribute.html
Fout bij laden van icoon 'icons/temperature.png': No file 'icons/temperature.png' found in working directory '/home/rpi/weatherhat-python/ICT-projecten/Programma'.
Fout bij laden van icoon 'icons/humidity.png': No file 'icons/humidity.png' found in working directory '/home/rpi/weatherhat-python/ICT-projecten/Programma'.
Fout bij laden van icoon 'icons/wind.png': No file 'icons/wind.png' found in working directory '/home/rpi/weatherhat-python/ICT-projecten/Programma'.
Fout bij laden van icoon 'icons/light.png': No file 'icons/light.png' found in working directory '/home/rpi/weatherhat-python/ICT-projecten/Programma'.
Fout bij laden van icoon 'icons/pressure.png': No file 'icons/pressure.png' found in working directory '/home/rpi/weatherhat-python/ICT-projecten/Programma'.
Tijd: 2025-05-12 15:09:18
Apparaat Temp: nvt °C
Temperatuur: nvt °C
Luchtdruk: nvt hPa
Luchtvochtigheid: nvt %
Lichtintensiteit: nvt lux
Windsnelheid: nvt m/s
Windrichting: nvt graden
------------------------------------
pygame 2.1.2 (SDL 2.26.5, Python 3.11.2)
Hello from the pygame community. https://www.pygame.org/contribute.html
Fout bij laden van icoon 'icons/temperature.png': No file 'icons/temperature.png' found in working directory '/home/rpi/weatherhat-python/ICT-projecten/Programma'.
Fout bij laden van icoon 'icons/humidity.png': No file 'icons/humidity.png' found in working directory '/home/rpi/weatherhat-python/ICT-projecten/Programma'.
Fout bij laden van icoon 'icons/wind.png': No file 'icons/wind.png' found in working directory '/home/rpi/weatherhat-python/ICT-projecten/Programma'.
Fout bij laden van icoon 'icons/light.png': No file 'icons/light.png' found in working directory '/home/rpi/weatherhat-python/ICT-projecten/Programma'.
Fout bij laden van icoon 'icons/pressure.png': No file 'icons/pressure.png' found in working directory '/home/rpi/weatherhat-python/ICT-projecten/Programma'.
Tijd: 2025-05-19 14:27:33
Apparaat Temp: nvt °C
Temperatuur: nvt °C
Luchtdruk: nvt hPa
Luchtvochtigheid: nvt %
Lichtintensiteit: nvt lux
Windsnelheid: nvt m/s
Windrichting: nvt graden
------------------------------------
gegevens opgeslagen!
git push succesvol!
Tijd: 2025-05-19 14:27:44
Apparaat Temp: 22.3 °C
Temperatuur: 14.8 °C
Luchtdruk: 661.22 hPa
Luchtvochtigheid: 60.52 %
Lichtintensiteit: 1180.68 lux
Windsnelheid: nvt m/s
Windrichting: 90 graden
------------------------------------
gegevens opgeslagen!
git push succesvol!
Tijd: 2025-05-19 14:27:54
Apparaat Temp: 40.07 °C
Temperatuur: 32.57 °C
Luchtdruk: 1015.19 hPa
Luchtvochtigheid: 14.48 %
Lichtintensiteit: 576.11 lux
Windsnelheid: nvt m/s
Windrichting: 90 graden
------------------------------------
gegevens opgeslagen!
git push succesvol!
Tijd: 2025-05-19 14:28:04
Apparaat Temp: 40.15 °C
Temperatuur: 32.65 °C
Luchtdruk: 1015.19 hPa
Luchtvochtigheid: 14.45 %
Lichtintensiteit: 614.97 lux
Windsnelheid: nvt m/s
Windrichting: 90 graden
------------------------------------
gegevens opgeslagen!
git push succesvol!
Tijd: 2025-05-19 14:28:14
Apparaat Temp: 40.12 °C
Temperatuur: 32.62 °C
Luchtdruk: 1015.17 hPa
Luchtvochtigheid: 14.44 %
Lichtintensiteit: 550.13 lux
Windsnelheid: nvt m/s
Windrichting: 90 graden
------------------------------------
gegevens opgeslagen!
git push succesvol!
Tijd: 2025-05-19 14:28:24
Apparaat Temp: 40.14 °C
Temperatuur: 32.64 °C
Luchtdruk: 1015.18 hPa
Luchtvochtigheid: 14.42 %
Lichtintensiteit: 577.38 lux
Windsnelheid: nvt m/s
Windrichting: 90 graden
------------------------------------
gegevens opgeslagen!
git push succesvol!
Tijd: 2025-05-19 14:28:34
Apparaat Temp: 40.24 °C
Temperatuur: 32.74 °C
Luchtdruk: 1015.15 hPa
Luchtvochtigheid: 14.36 %
Lichtintensiteit: 547.32 lux
Windsnelheid: nvt m/s
Windrichting: 90 graden
------------------------------------
gegevens opgeslagen!
git push succesvol!
Tijd: 2025-05-19 14:28:44
Apparaat Temp: 40.32 °C
Temperatuur: 32.82 °C
Luchtdruk: 1015.15 hPa
Luchtvochtigheid: 14.31 %
Lichtintensiteit: 538.29 lux
Windsnelheid: nvt m/s
Windrichting: 90 graden
------------------------------------
gegevens opgeslagen!
git push succesvol!
Tijd: 2025-05-19 14:28:54
Apparaat Temp: 40.54 °C
Temperatuur: 33.04 °C
Luchtdruk: 1015.17 hPa
Luchtvochtigheid: 14.12 %
Lichtintensiteit: 536.83 lux
Windsnelheid: nvt m/s
Windrichting: 90 graden
------------------------------------
gegevens opgeslagen!
git push succesvol!
Tijd: 2025-05-19 14:29:04
Apparaat Temp: 40.5 °C
Temperatuur: 33.0 °C
Luchtdruk: 1015.13 hPa
Luchtvochtigheid: 14.14 %
Lichtintensiteit: 545.52 lux
Windsnelheid: nvt m/s
Windrichting: 90 graden
------------------------------------
gegevens opgeslagen!
git push succesvol!
Tijd: 2025-05-19 14:29:14
Apparaat Temp: 40.53 °C
Temperatuur: 33.03 °C
Luchtdruk: 1015.17 hPa
Luchtvochtigheid: 14.1 %
Lichtintensiteit: 551.33 lux
Windsnelheid: nvt m/s
Windrichting: 90 graden
------------------------------------
gegevens opgeslagen!
git push succesvol!
Tijd: 2025-05-19 14:29:24
Apparaat Temp: 40.61 °C
Temperatuur: 33.11 °C
Luchtdruk: 1015.21 hPa
Luchtvochtigheid: 14.03 %
Lichtintensiteit: 548.02 lux
Windsnelheid: nvt m/s
Windrichting: 90 graden
------------------------------------
gegevens opgeslagen!
git push succesvol!
Tijd: 2025-05-19 14:29:34
Apparaat Temp: 40.61 °C
Temperatuur: 33.11 °C
Luchtdruk: 1015.21 hPa
Luchtvochtigheid: 14.01 %
Lichtintensiteit: 549.79 lux
Windsnelheid: nvt m/s
Windrichting: 90 graden
------------------------------------
gegevens opgeslagen!
git push succesvol!
Tijd: 2025-05-19 14:29:45
Apparaat Temp: 40.69 °C
Temperatuur: 33.19 °C
Luchtdruk: 1015.19 hPa
Luchtvochtigheid: 14.0 %
Lichtintensiteit: 546.31 lux
Windsnelheid: nvt m/s
Windrichting: 90 graden
------------------------------------
gegevens opgeslagen!
git push succesvol!
Tijd: 2025-05-19 14:29:55
Apparaat Temp: 40.86 °C
Temperatuur: 33.36 °C
Luchtdruk: 1015.18 hPa
Luchtvochtigheid: 13.92 %
Lichtintensiteit: 551.01 lux
Windsnelheid: nvt m/s
Windrichting: 90 graden
------------------------------------
gegevens opgeslagen!
git push succesvol!
Tijd: 2025-05-19 14:30:05
Apparaat Temp: 40.73 °C
Temperatuur: 33.23 °C
Luchtdruk: 1015.16 hPa
Luchtvochtigheid: 13.98 %
Lichtintensiteit: 538.18 lux
Windsnelheid: nvt m/s
Windrichting: 90 graden
------------------------------------
gegevens opgeslagen!
git push succesvol!
Tijd: 2025-05-19 14:30:15
Apparaat Temp: 40.77 °C
Temperatuur: 33.27 °C
Luchtdruk: 1015.15 hPa
Luchtvochtigheid: 13.97 %
Lichtintensiteit: 536.83 lux
Windsnelheid: nvt m/s
Windrichting: 90 graden
------------------------------------
gegevens opgeslagen!
git push succesvol!
Tijd: 2025-05-19 14:30:25
Apparaat Temp: 40.84 °C
Temperatuur: 33.34 °C
Luchtdruk: 1015.19 hPa
Luchtvochtigheid: 13.93 %
Lichtintensiteit: 528.09 lux
Windsnelheid: nvt m/s
Windrichting: 90 graden
------------------------------------
gegevens opgeslagen!
git push succesvol!
Tijd: 2025-05-19 14:30:35
Apparaat Temp: 40.77 °C
Temperatuur: 33.27 °C
Luchtdruk: 1015.13 hPa
Luchtvochtigheid: 13.94 %
Lichtintensiteit: 522.46 lux
Windsnelheid: nvt m/s
Windrichting: 90 graden
------------------------------------
gegevens opgeslagen!
git push succesvol!
Tijd: 2025-05-19 14:30:45
Apparaat Temp: 40.67 °C
Temperatuur: 33.17 °C
Luchtdruk: 1015.13 hPa
Luchtvochtigheid: 14.01 %
Lichtintensiteit: 515.86 lux
Windsnelheid: nvt m/s
Windrichting: 90 graden
------------------------------------
gegevens opgeslagen!
git push succesvol!
Tijd: 2025-05-19 14:30:55
Apparaat Temp: 40.79 °C
Temperatuur: 33.29 °C
Luchtdruk: 1015.14 hPa
Luchtvochtigheid: 13.96 %
Lichtintensiteit: 520.56 lux
Windsnelheid: nvt m/s
Windrichting: 90 graden
------------------------------------
gegevens opgeslagen!
git push succesvol!
Tijd: 2025-05-19 14:31:05
Apparaat Temp: 40.81 °C
Temperatuur: 33.31 °C
Luchtdruk: 1015.15 hPa
Luchtvochtigheid: 13.91 %
Lichtintensiteit: 518.3 lux
Windsnelheid: nvt m/s
Windrichting: 90 graden
------------------------------------
gegevens opgeslagen!
git push succesvol!
Tijd: 2025-05-19 14:31:15
Apparaat Temp: 40.71 °C
Temperatuur: 33.21 °C
Luchtdruk: 1015.17 hPa
Luchtvochtigheid: 13.99 %
Lichtintensiteit: 508.89 lux
Windsnelheid: nvt m/s
Windrichting: 90 graden
------------------------------------
gegevens opgeslagen!
git push succesvol!
Tijd: 2025-05-19 14:31:25
Apparaat Temp: 40.76 °C
Temperatuur: 33.26 °C
Luchtdruk: 1015.13 hPa
Luchtvochtigheid: 13.94 %
Lichtintensiteit: 506.94 lux
Windsnelheid: nvt m/s
Windrichting: 90 graden
------------------------------------
gegevens opgeslagen!
git push succesvol!
Tijd: 2025-05-19 14:31:35
Apparaat Temp: 40.93 °C
Temperatuur: 33.43 °C
Luchtdruk: 1015.13 hPa
Luchtvochtigheid: 13.8 %
Lichtintensiteit: 531.28 lux
Windsnelheid: nvt m/s
Windrichting: 90 graden
------------------------------------
gegevens opgeslagen!
git push succesvol!
Tijd: 2025-05-19 14:31:45
Apparaat Temp: 40.96 °C
Temperatuur: 33.46 °C
Luchtdruk: 1015.13 hPa
Luchtvochtigheid: 13.78 %
Lichtintensiteit: 547.38 lux
Windsnelheid: nvt m/s
Windrichting: 90 graden
------------------------------------
gegevens opgeslagen!
git push succesvol!
Tijd: 2025-05-19 14:31:56
Apparaat Temp: 41.06 °C
Temperatuur: 33.56 °C
Luchtdruk: 1015.09 hPa
Luchtvochtigheid: 13.7 %
Lichtintensiteit: 582.18 lux
Windsnelheid: nvt m/s
Windrichting: 90 graden
------------------------------------
gegevens opgeslagen!
git push succesvol!
Tijd: 2025-05-19 14:32:06
Apparaat Temp: 40.96 °C
Temperatuur: 33.46 °C
Luchtdruk: 1015.12 hPa
Luchtvochtigheid: 13.77 %
Lichtintensiteit: 722.8 lux
Windsnelheid: nvt m/s
Windrichting: 90 graden
------------------------------------
gegevens opgeslagen!
git push succesvol!
Tijd: 2025-05-19 14:32:16
Apparaat Temp: 40.93 °C
Temperatuur: 33.43 °C
Luchtdruk: 1015.15 hPa
Luchtvochtigheid: 13.8 %
Lichtintensiteit: 797.01 lux
Windsnelheid: nvt m/s
Windrichting: 90 graden
------------------------------------
gegevens opgeslagen!
git push succesvol!
Tijd: 2025-05-19 14:32:26
Apparaat Temp: 40.79 °C
Temperatuur: 33.29 °C
Luchtdruk: 1015.16 hPa
Luchtvochtigheid: 13.9 %
Lichtintensiteit: 838.95 lux
Windsnelheid: nvt m/s
Windrichting: 90 graden
------------------------------------
gegevens opgeslagen!
git push succesvol!
Tijd: 2025-05-19 14:32:36
Apparaat Temp: 40.74 °C
Temperatuur: 33.24 °C
Luchtdruk: 1015.11 hPa
Luchtvochtigheid: 13.94 %
Lichtintensiteit: 843.78 lux
pygame 2.1.2 (SDL 2.26.5, Python 3.11.2)
Hello from the pygame community. https://www.pygame.org/contribute.html
Fout bij laden van icoon 'icons/temperature.png': No file 'icons/temperature.png' found in working directory '/home/rpi/weatherhat-python/ICT-projecten/Programma'.
Fout bij laden van icoon 'icons/humidity.png': No file 'icons/humidity.png' found in working directory '/home/rpi/weatherhat-python/ICT-projecten/Programma'.
Fout bij laden van icoon 'icons/wind.png': No file 'icons/wind.png' found in working directory '/home/rpi/weatherhat-python/ICT-projecten/Programma'.
Fout bij laden van icoon 'icons/light.png': No file 'icons/light.png' found in working directory '/home/rpi/weatherhat-python/ICT-projecten/Programma'.
Fout bij laden van icoon 'icons/pressure.png': No file 'icons/pressure.png' found in working directory '/home/rpi/weatherhat-python/ICT-projecten/Programma'.
Tijd: 2025-05-19 14:43:46
Apparaat Temp: nvt °C
Temperatuur: nvt °C
Luchtdruk: nvt hPa
Luchtvochtigheid: nvt %
Lichtintensiteit: nvt lux
Windsnelheid: nvt m/s
Windrichting: nvt graden
------------------------------------
gegevens opgeslagen!
git push succesvol!
Tijd: 2025-05-19 14:43:56
Apparaat Temp: 22.3 °C
Temperatuur: 14.8 °C
Luchtdruk: 661.22 hPa
Luchtvochtigheid: 60.52 %
Lichtintensiteit: 1189.06 lux
Windsnelheid: nvt m/s
Windrichting: 90 graden
------------------------------------
gegevens opgeslagen!
git push succesvol!
Tijd: 2025-05-19 14:44:06
Apparaat Temp: 42.41 °C
Temperatuur: 34.91 °C
Luchtdruk: 1015.07 hPa
Luchtvochtigheid: 12.28 %
Lichtintensiteit: 574.73 lux
Windsnelheid: nvt m/s
Windrichting: 90 graden
------------------------------------
gegevens opgeslagen!
git push succesvol!
Tijd: 2025-05-19 14:44:16
Apparaat Temp: 42.44 °C
Temperatuur: 34.94 °C
Luchtdruk: 1015.08 hPa
Luchtvochtigheid: 12.28 %
Lichtintensiteit: 564.38 lux
Windsnelheid: nvt m/s
Windrichting: 90 graden
------------------------------------
gegevens opgeslagen!
git push succesvol!
Tijd: 2025-05-19 14:44:26
Apparaat Temp: 42.47 °C
Temperatuur: 34.97 °C
Luchtdruk: 1015.09 hPa
Luchtvochtigheid: 12.24 %
Lichtintensiteit: 559.42 lux
Windsnelheid: nvt m/s
Windrichting: 90 graden
------------------------------------
gegevens opgeslagen!
git push succesvol!
Tijd: 2025-05-19 14:44:36
Apparaat Temp: 42.41 °C
Temperatuur: 34.91 °C
Luchtdruk: 1015.06 hPa
Luchtvochtigheid: 12.27 %
Lichtintensiteit: 555.01 lux
Windsnelheid: nvt m/s
Windrichting: 90 graden
------------------------------------
gegevens opgeslagen!
git push succesvol!
Tijd: 2025-05-19 14:44:47
Apparaat Temp: 42.44 °C
Temperatuur: 34.94 °C
Luchtdruk: 1015.1 hPa
Luchtvochtigheid: 12.25 %
Lichtintensiteit: 544.74 lux
Windsnelheid: nvt m/s
Windrichting: 90 graden
------------------------------------
gegevens opgeslagen!
git push succesvol!
Tijd: 2025-05-19 14:44:58
Apparaat Temp: 42.54 °C
Temperatuur: 35.04 °C
Luchtdruk: 1015.05 hPa
Luchtvochtigheid: 12.2 %
Lichtintensiteit: 543.03 lux
Windsnelheid: 0.04 m/s
Windrichting: 90 graden
------------------------------------
gegevens opgeslagen!
git push succesvol!
Tijd: 2025-05-19 14:45:08
Apparaat Temp: 42.69 °C
Temperatuur: 35.19 °C
Luchtdruk: 1015.05 hPa
Luchtvochtigheid: 12.11 %
Lichtintensiteit: 539.73 lux
Windsnelheid: nvt m/s
Windrichting: 90 graden
------------------------------------
gegevens opgeslagen!
git push succesvol!
Tijd: 2025-05-19 14:45:18
Apparaat Temp: 42.76 °C
Temperatuur: 35.26 °C
Luchtdruk: 1015.05 hPa
Luchtvochtigheid: 12.04 %
Lichtintensiteit: 533.31 lux
Windsnelheid: nvt m/s
Windrichting: 90 graden
------------------------------------
gegevens opgeslagen!
git push succesvol!
Tijd: 2025-05-19 14:45:28
Apparaat Temp: 42.68 °C
Temperatuur: 35.18 °C
Luchtdruk: 1015.04 hPa
Luchtvochtigheid: 12.08 %
Lichtintensiteit: 531.54 lux
Windsnelheid: nvt m/s
Windrichting: 90 graden
------------------------------------
gegevens opgeslagen!
git push succesvol!
Tijd: 2025-05-19 14:45:38
Apparaat Temp: 42.65 °C
Temperatuur: 35.15 °C
Luchtdruk: 1015.06 hPa
Luchtvochtigheid: 12.09 %
Lichtintensiteit: 531.54 lux
Windsnelheid: nvt m/s
Windrichting: 90 graden
------------------------------------
gegevens opgeslagen!
git push succesvol!
Tijd: 2025-05-19 14:45:48
Apparaat Temp: 42.64 °C
Temperatuur: 35.14 °C
Luchtdruk: 1015.02 hPa
Luchtvochtigheid: 12.1 %
Lichtintensiteit: 526.28 lux
Windsnelheid: nvt m/s
Windrichting: 90 graden
------------------------------------
gegevens opgeslagen!
git push succesvol!
Tijd: 2025-05-19 14:45:58
Apparaat Temp: 42.81 °C
Temperatuur: 35.31 °C
Luchtdruk: 1015.02 hPa
Luchtvochtigheid: 12.02 %
Lichtintensiteit: 527.44 lux
Windsnelheid: nvt m/s
Windrichting: 90 graden
------------------------------------
gegevens opgeslagen!
git push succesvol!
Tijd: 2025-05-19 14:46:08
Apparaat Temp: 42.89 °C
Temperatuur: 35.39 °C
Luchtdruk: 1015.07 hPa
Luchtvochtigheid: 11.95 %
Lichtintensiteit: 527.63 lux
Windsnelheid: nvt m/s
Windrichting: 90 graden
------------------------------------
gegevens opgeslagen!
git push succesvol!
Tijd: 2025-05-19 14:46:19
Apparaat Temp: 42.66 °C
Temperatuur: 35.16 °C
Luchtdruk: 1015.05 hPa
Luchtvochtigheid: 12.07 %
Lichtintensiteit: 527.81 lux
Windsnelheid: nvt m/s
Windrichting: 90 graden
------------------------------------
gegevens opgeslagen!
git push succesvol!
Tijd: 2025-05-19 14:46:29
Apparaat Temp: 42.68 °C
Temperatuur: 35.18 °C
Luchtdruk: 1015.02 hPa
Luchtvochtigheid: 12.07 %
Lichtintensiteit: 523.53 lux
Windsnelheid: nvt m/s
Windrichting: 90 graden
------------------------------------
gegevens opgeslagen!
git push succesvol!
Tijd: 2025-05-19 14:46:39
Apparaat Temp: 42.63 °C
Temperatuur: 35.13 °C
Luchtdruk: 1015.06 hPa
Luchtvochtigheid: 12.13 %
Lichtintensiteit: 527.81 lux
Windsnelheid: nvt m/s
Windrichting: 90 graden
------------------------------------
gegevens opgeslagen!
git push succesvol!
Tijd: 2025-05-19 14:46:49
Apparaat Temp: 42.65 °C
Temperatuur: 35.15 °C
Luchtdruk: 1015.06 hPa
Luchtvochtigheid: 12.06 %
Lichtintensiteit: 528.0 lux
Windsnelheid: nvt m/s
Windrichting: 90 graden
------------------------------------
gegevens opgeslagen!
git push succesvol!
Tijd: 2025-05-19 14:46:59
Apparaat Temp: 42.76 °C
Temperatuur: 35.26 °C
Luchtdruk: 1015.01 hPa
Luchtvochtigheid: 12.04 %
Lichtintensiteit: 528.0 lux
Windsnelheid: nvt m/s
Windrichting: 90 graden
------------------------------------
gegevens opgeslagen!
git push succesvol!
Tijd: 2025-05-19 14:47:09
Apparaat Temp: 42.58 °C
Temperatuur: 35.08 °C
Luchtdruk: 1015.06 hPa
Luchtvochtigheid: 12.09 %
Lichtintensiteit: 528.0 lux
Windsnelheid: nvt m/s
Windrichting: 90 graden
------------------------------------
gegevens opgeslagen!
git push succesvol!
Tijd: 2025-05-19 14:47:19
Apparaat Temp: 42.48 °C
Temperatuur: 34.98 °C
Luchtdruk: 1015.07 hPa
Luchtvochtigheid: 12.19 %
Lichtintensiteit: 525.06 lux
Windsnelheid: nvt m/s
Windrichting: 90 graden
------------------------------------
gegevens opgeslagen!
git push succesvol!
Tijd: 2025-05-19 14:47:29
Apparaat Temp: 42.41 °C
Temperatuur: 34.91 °C
Luchtdruk: 1015.08 hPa
Luchtvochtigheid: 12.27 %
Lichtintensiteit: 524.27 lux
Windsnelheid: nvt m/s
Windrichting: 90 graden
------------------------------------
gegevens opgeslagen!
git push succesvol!
Tijd: 2025-05-19 14:47:39
Apparaat Temp: 42.37 °C
Temperatuur: 34.87 °C
Luchtdruk: 1015.05 hPa
Luchtvochtigheid: 12.28 %
Lichtintensiteit: 531.85 lux
Windsnelheid: nvt m/s
Windrichting: 90 graden
------------------------------------
gegevens opgeslagen!
git push succesvol!
Tijd: 2025-05-19 14:47:49
Apparaat Temp: 42.6 °C
Temperatuur: 35.1 °C
Luchtdruk: 1015.02 hPa
Luchtvochtigheid: 12.12 %
Lichtintensiteit: 526.78 lux
Windsnelheid: nvt m/s
Windrichting: 90 graden
------------------------------------
gegevens opgeslagen!
git push succesvol!
Tijd: 2025-05-19 14:47:59
Apparaat Temp: 42.73 °C
Temperatuur: 35.23 °C
Luchtdruk: 1015.05 hPa
Luchtvochtigheid: 12.03 %
Lichtintensiteit: 528.13 lux
Windsnelheid: nvt m/s
Windrichting: 90 graden
------------------------------------
gegevens opgeslagen!
git push succesvol!
Tijd: 2025-05-19 14:48:09
Apparaat Temp: 42.48 °C
Temperatuur: 34.98 °C
Luchtdruk: 1015.06 hPa
Luchtvochtigheid: 12.18 %
Lichtintensiteit: 532.59 lux
Windsnelheid: nvt m/s
Windrichting: 90 graden
------------------------------------
gegevens opgeslagen!
git push succesvol!
Tijd: 2025-05-19 14:48:19
Apparaat Temp: 42.36 °C
Temperatuur: 34.86 °C
Luchtdruk: 1015.03 hPa
Luchtvochtigheid: 12.29 %
Lichtintensiteit: 532.59 lux
Windsnelheid: nvt m/s
Windrichting: 90 graden
------------------------------------
gegevens opgeslagen!
git push succesvol!
Tijd: 2025-05-19 14:48:30
Apparaat Temp: 42.37 °C
Temperatuur: 34.87 °C
Luchtdruk: 1015.05 hPa
Luchtvochtigheid: 12.27 %
Lichtintensiteit: 531.61 lux
Windsnelheid: nvt m/s
Windrichting: 90 graden
------------------------------------
gegevens opgeslagen!
git push succesvol!
Tijd: 2025-05-19 14:48:40
Apparaat Temp: 42.5 °C
Temperatuur: 35.0 °C
Luchtdruk: 1015.06 hPa
Luchtvochtigheid: 12.18 %
Lichtintensiteit: 529.66 lux
Windsnelheid: nvt m/s
Windrichting: 90 graden
------------------------------------
gegevens opgeslagen!
git push succesvol!
Tijd: 2025-05-19 14:48:50
Apparaat Temp: 42.63 °C
Temperatuur: 35.13 °C
Luchtdruk: 1015.06 hPa
Luchtvochtigheid: 12.06 %
Lichtintensiteit: 525.75 lux
Windsnelheid: nvt m/s
Windrichting: 90 graden
------------------------------------
gegevens opgeslagen!
git push succesvol!
Tijd: 2025-05-19 14:49:00
Apparaat Temp: 42.63 °C
Temperatuur: 35.13 °C
Luchtdruk: 1015.04 hPa
Luchtvochtigheid: 12.08 %
Lichtintensiteit: 533.33 lux
Windsnelheid: nvt m/s
Windrichting: 90 graden
------------------------------------
gegevens opgeslagen!
git push succesvol!
Tijd: 2025-05-19 14:49:10
Apparaat Temp: 42.61 °C
Temperatuur: 35.11 °C
Luchtdruk: 1015.05 hPa
Luchtvochtigheid: 12.08 %
Lichtintensiteit: 534.49 lux
Windsnelheid: nvt m/s
Windrichting: 90 graden
------------------------------------
gegevens opgeslagen!
git push succesvol!
Tijd: 2025-05-19 14:49:20
Apparaat Temp: 42.61 °C
Temperatuur: 35.11 °C
Luchtdruk: 1015.04 hPa
Luchtvochtigheid: 12.07 %
Lichtintensiteit: 534.67 lux
Windsnelheid: nvt m/s
Windrichting: 90 graden
------------------------------------
gegevens opgeslagen!
git push succesvol!
Tijd: 2025-05-19 14:49:30
Apparaat Temp: 42.58 °C
Temperatuur: 35.08 °C
Luchtdruk: 1015.03 hPa
Luchtvochtigheid: 12.1 %
Lichtintensiteit: 540.3 lux
Windsnelheid: nvt m/s
Windrichting: 90 graden
------------------------------------
gegevens opgeslagen!
git push succesvol!
Tijd: 2025-05-19 14:49:40
Apparaat Temp: 42.52 °C
Temperatuur: 35.02 °C
Luchtdruk: 1015.0 hPa
Luchtvochtigheid: 12.13 %
Lichtintensiteit: 543.78 lux
Windsnelheid: nvt m/s
Windrichting: 90 graden
------------------------------------
gegevens opgeslagen!
git push succesvol!
Tijd: 2025-05-19 14:49:50
Apparaat Temp: 42.55 °C
Temperatuur: 35.05 °C
Luchtdruk: 1015.05 hPa
Luchtvochtigheid: 12.13 %
Lichtintensiteit: 547.27 lux
Windsnelheid: nvt m/s
Windrichting: 90 graden
------------------------------------
gegevens opgeslagen!
git push succesvol!
Tijd: 2025-05-19 14:50:00
Apparaat Temp: 42.53 °C
Temperatuur: 35.03 °C
Luchtdruk: 1015.0 hPa
Luchtvochtigheid: 12.12 %
Lichtintensiteit: 546.48 lux
Windsnelheid: nvt m/s
Windrichting: 90 graden
------------------------------------
gegevens opgeslagen!
git push succesvol!
Tijd: 2025-05-19 14:50:10
Apparaat Temp: 42.56 °C
Temperatuur: 35.06 °C
Luchtdruk: 1014.98 hPa
Luchtvochtigheid: 12.1 %
Lichtintensiteit: 551.12 lux
Windsnelheid: nvt m/s
Windrichting: 90 graden
------------------------------------
gegevens opgeslagen!
git push succesvol!
Tijd: 2025-05-19 14:50:20
Apparaat Temp: 42.51 °C
Temperatuur: 35.01 °C
Luchtdruk: 1014.99 hPa
Luchtvochtigheid: 12.13 %
Lichtintensiteit: 545.07 lux
Windsnelheid: nvt m/s
Windrichting: 90 graden
------------------------------------
gegevens opgeslagen!
git push succesvol!
Tijd: 2025-05-19 14:50:30
Apparaat Temp: 42.53 °C
Temperatuur: 35.03 °C
Luchtdruk: 1014.98 hPa
Luchtvochtigheid: 12.13 %
Lichtintensiteit: 552.65 lux
Windsnelheid: nvt m/s
Windrichting: 90 graden
------------------------------------
gegevens opgeslagen!
git push succesvol!
Tijd: 2025-05-19 14:50:40
Apparaat Temp: 42.51 °C
Temperatuur: 35.01 °C
Luchtdruk: 1015.03 hPa
Luchtvochtigheid: 12.12 %
Lichtintensiteit: 554.0 lux
Windsnelheid: nvt m/s
Windrichting: 90 graden
------------------------------------
gegevens opgeslagen!
git push succesvol!
Tijd: 2025-05-19 14:50:51
Apparaat Temp: 42.53 °C
Temperatuur: 35.03 °C
Luchtdruk: 1015.0 hPa
Luchtvochtigheid: 12.13 %
Lichtintensiteit: 557.49 lux
Windsnelheid: nvt m/s
Windrichting: 90 graden
------------------------------------
gegevens opgeslagen!
git push succesvol!
Tijd: 2025-05-19 14:51:01
Apparaat Temp: 42.54 °C
Temperatuur: 35.04 °C
Luchtdruk: 1015.02 hPa
Luchtvochtigheid: 12.12 %
Lichtintensiteit: 561.95 lux
Windsnelheid: nvt m/s
Windrichting: 90 graden
------------------------------------
gegevens opgeslagen!
git push succesvol!
Tijd: 2025-05-19 14:51:11
Apparaat Temp: 42.49 °C
Temperatuur: 34.99 °C
Luchtdruk: 1015.01 hPa
Luchtvochtigheid: 12.14 %
Lichtintensiteit: 563.3 lux
Windsnelheid: nvt m/s
Windrichting: 90 graden
------------------------------------
gegevens opgeslagen!
git push succesvol!
Tijd: 2025-05-19 14:51:21
Apparaat Temp: 42.48 °C
Temperatuur: 34.98 °C
Luchtdruk: 1015.01 hPa
Luchtvochtigheid: 12.15 %
Lichtintensiteit: 568.92 lux
Windsnelheid: nvt m/s
Windrichting: 90 graden
------------------------------------
gegevens opgeslagen!
git push succesvol!
Tijd: 2025-05-19 14:51:31
Apparaat Temp: 42.54 °C
Temperatuur: 35.04 °C
Luchtdruk: 1015.02 hPa
Luchtvochtigheid: 12.09 %
Lichtintensiteit: 564.83 lux
Windsnelheid: nvt m/s
Windrichting: 90 graden
------------------------------------
gegevens opgeslagen!
git push succesvol!
Tijd: 2025-05-19 14:51:41
Apparaat Temp: 42.59 °C
Temperatuur: 35.09 °C
Luchtdruk: 1014.99 hPa
Luchtvochtigheid: 12.05 %
Lichtintensiteit: 570.45 lux
Windsnelheid: nvt m/s
Windrichting: 90 graden
------------------------------------
gegevens opgeslagen!
git push succesvol!
Tijd: 2025-05-19 14:51:51
Apparaat Temp: 42.27 °C
Temperatuur: 34.77 °C
Luchtdruk: 1014.99 hPa
Luchtvochtigheid: 12.33 %
Lichtintensiteit: 84.1 lux
Windsnelheid: 0.09 m/s
Windrichting: 180 graden
------------------------------------
gegevens opgeslagen!
git push succesvol!
Tijd: 2025-05-19 14:52:01
Apparaat Temp: 42.14 °C
Temperatuur: 34.64 °C
Luchtdruk: 1015.01 hPa
Luchtvochtigheid: 12.41 %
Lichtintensiteit: 200.98 lux
Windsnelheid: 0.14 m/s
Windrichting: 225 graden
------------------------------------
gegevens opgeslagen!
git push succesvol!
Tijd: 2025-05-19 14:52:11
Apparaat Temp: 42.4 °C
Temperatuur: 34.9 °C
Luchtdruk: 1015.03 hPa
Luchtvochtigheid: 12.22 %
Lichtintensiteit: 190.05 lux
Windsnelheid: 0.14 m/s
Windrichting: 45 graden
------------------------------------
gegevens opgeslagen!
git push succesvol!
Tijd: 2025-05-19 14:52:21
Apparaat Temp: 42.31 °C
Temperatuur: 34.81 °C
Luchtdruk: 1015.02 hPa
Luchtvochtigheid: 12.28 %
Lichtintensiteit: 190.05 lux
Windsnelheid: 0.05 m/s
Windrichting: 315 graden
------------------------------------
gegevens opgeslagen!
git push succesvol!
Tijd: 2025-05-19 14:52:31
Apparaat Temp: 42.3 °C
Temperatuur: 34.8 °C
Luchtdruk: 1015.04 hPa
Luchtvochtigheid: 12.27 %
Lichtintensiteit: 198.79 lux
Windsnelheid: 0.05 m/s
Windrichting: 45 graden
------------------------------------
gegevens opgeslagen!
git push succesvol!
Tijd: 2025-05-19 14:52:42
Apparaat Temp: 42.23 °C
Temperatuur: 34.73 °C
Luchtdruk: 1014.99 hPa
Luchtvochtigheid: 12.36 %
Lichtintensiteit: 196.47 lux
Windsnelheid: nvt m/s
Windrichting: 90 graden
------------------------------------
gegevens opgeslagen!
git push succesvol!
Tijd: 2025-05-19 14:52:52
Apparaat Temp: 42.16 °C
Temperatuur: 34.66 °C
Luchtdruk: 1015.03 hPa
Luchtvochtigheid: 12.39 %
Lichtintensiteit: 193.72 lux
Windsnelheid: 0.38 m/s
Windrichting: 90 graden
------------------------------------
gegevens opgeslagen!
git push succesvol!
Tijd: 2025-05-19 14:53:02
Apparaat Temp: 42.13 °C
Temperatuur: 34.63 °C
Luchtdruk: 1015.01 hPa
Luchtvochtigheid: 12.41 %
Lichtintensiteit: 195.49 lux
Windsnelheid: 1.14 m/s
Windrichting: 90 graden
------------------------------------
gegevens opgeslagen!
git push succesvol!
Tijd: 2025-05-19 14:53:12
Apparaat Temp: 42.03 °C
Temperatuur: 34.53 °C
Luchtdruk: 1014.99 hPa
Luchtvochtigheid: 12.47 %
Lichtintensiteit: 196.04 lux
Windsnelheid: 0.95 m/s
Windrichting: 45 graden
------------------------------------
gegevens opgeslagen!
git push succesvol!
Tijd: 2025-05-19 14:53:22
Apparaat Temp: 41.97 °C
Temperatuur: 34.47 °C
Luchtdruk: 1014.95 hPa
Luchtvochtigheid: 12.52 %
Lichtintensiteit: 196.41 lux
Windsnelheid: 1.19 m/s
Windrichting: 270 graden
------------------------------------
gegevens opgeslagen!
git push succesvol!
Tijd: 2025-05-19 14:53:32
Apparaat Temp: 41.95 °C
Temperatuur: 34.45 °C
Luchtdruk: 1014.96 hPa
Luchtvochtigheid: 12.54 %
Lichtintensiteit: 200.69 lux
Windsnelheid: 1.24 m/s
Windrichting: 315 graden
------------------------------------
gegevens opgeslagen!
git push succesvol!
Tijd: 2025-05-19 14:53:42
Apparaat Temp: 41.99 °C
Temperatuur: 34.49 °C
Luchtdruk: 1014.96 hPa
Luchtvochtigheid: 12.51 %
Lichtintensiteit: 201.24 lux
Windsnelheid: 1.85 m/s
Windrichting: 315 graden
------------------------------------
gegevens opgeslagen!
git push succesvol!
Tijd: 2025-05-19 14:53:52
Apparaat Temp: 41.99 °C
